<?xml version="1.0" encoding="UTF-8"?>
<!-- Generated by org.testng.reporters.JUnitXMLReporter -->
<testsuite ignored="0" hostname="DESKTOP-KIMKO2A" failures="0" tests="2" name="Linux-firefox" time="8.476" errors="0" timestamp="2024-08-11T14:21:55 IST">
  <testcase classname="testCases.TC_001_TestLoginPage" name="VerifyLogin" time="2.191"/>
  <testcase classname="testCases.TC_002_Verify_Login" name="testLogin" time="0.0">
    <skipped/>
  </testcase> <!-- testLogin -->
</testsuite> <!-- Linux-firefox -->
