<?xml version="1.0" encoding="UTF-8"?>
<testng-results ignored="0" total="2" passed="2" failed="0" skipped="0">
  <reporter-output>
  </reporter-output>
  <suite started-at="2024-08-12T06:56:34 IST" name="Suite" finished-at="2024-08-12T06:56:45 IST" duration-ms="11107">
    <groups>
      <group name="Master">
        <method signature="TC_001_TestLoginPage.VerifyLogin()[pri:0, instance:testCases.TC_001_TestLoginPage@595b007d]" name="VerifyLogin" class="testCases.TC_001_TestLoginPage"/>
        <method signature="TC_002_Verify_Login.testLogin()[pri:0, instance:testCases.TC_002_Verify_Login@79e2c065]" name="testLogin" class="testCases.TC_002_Verify_Login"/>
      </group> <!-- Master -->
      <group name="Sanity">
        <method signature="TC_001_TestLoginPage.VerifyLogin()[pri:0, instance:testCases.TC_001_TestLoginPage@595b007d]" name="VerifyLogin" class="testCases.TC_001_TestLoginPage"/>
      </group> <!-- Sanity -->
      <group name="Regression">
        <method signature="TC_002_Verify_Login.testLogin()[pri:0, instance:testCases.TC_002_Verify_Login@79e2c065]" name="testLogin" class="testCases.TC_002_Verify_Login"/>
      </group> <!-- Regression -->
    </groups>
    <test started-at="2024-08-12T06:56:34 IST" name="ChromeTest" finished-at="2024-08-12T06:56:45 IST" duration-ms="11107">
      <class name="testCases.TC_002_Verify_Login">
        <test-method is-config="true" signature="setUp(java.lang.String,java.lang.String)[pri:0, instance:testCases.TC_002_Verify_Login@79e2c065]" started-at="2024-08-12T06:56:39 IST" name="setUp" finished-at="2024-08-12T06:56:40 IST" duration-ms="1697" status="PASS">
          <params>
            <param index="0">
              <value>
                <![CDATA[Windows]]>
              </value>
            </param>
            <param index="1">
              <value>
                <![CDATA[chrome]]>
              </value>
            </param>
          </params>
          <reporter-output>
          </reporter-output>
        </test-method> <!-- setUp -->
        <test-method signature="testLogin()[pri:0, instance:testCases.TC_002_Verify_Login@79e2c065]" started-at="2024-08-12T06:56:40 IST" name="testLogin" finished-at="2024-08-12T06:56:45 IST" duration-ms="4532" status="PASS">
          <reporter-output>
          </reporter-output>
        </test-method> <!-- testLogin -->
        <test-method is-config="true" signature="tearDown()[pri:0, instance:testCases.TC_002_Verify_Login@79e2c065]" started-at="2024-08-12T06:56:45 IST" name="tearDown" finished-at="2024-08-12T06:56:45 IST" duration-ms="168" status="PASS">
          <reporter-output>
          </reporter-output>
        </test-method> <!-- tearDown -->
      </class> <!-- testCases.TC_002_Verify_Login -->
      <class name="testCases.TC_001_TestLoginPage">
        <test-method is-config="true" signature="setUp(java.lang.String,java.lang.String)[pri:0, instance:testCases.TC_001_TestLoginPage@595b007d]" started-at="2024-08-12T06:56:34 IST" name="setUp" finished-at="2024-08-12T06:56:37 IST" duration-ms="2805" status="PASS">
          <params>
            <param index="0">
              <value>
                <![CDATA[Windows]]>
              </value>
            </param>
            <param index="1">
              <value>
                <![CDATA[chrome]]>
              </value>
            </param>
          </params>
          <reporter-output>
          </reporter-output>
        </test-method> <!-- setUp -->
        <test-method signature="VerifyLogin()[pri:0, instance:testCases.TC_001_TestLoginPage@595b007d]" started-at="2024-08-12T06:56:37 IST" name="VerifyLogin" finished-at="2024-08-12T06:56:38 IST" duration-ms="1481" status="PASS">
          <reporter-output>
          </reporter-output>
        </test-method> <!-- VerifyLogin -->
        <test-method is-config="true" signature="tearDown()[pri:0, instance:testCases.TC_001_TestLoginPage@595b007d]" started-at="2024-08-12T06:56:38 IST" name="tearDown" finished-at="2024-08-12T06:56:39 IST" duration-ms="134" status="PASS">
          <reporter-output>
          </reporter-output>
        </test-method> <!-- tearDown -->
      </class> <!-- testCases.TC_001_TestLoginPage -->
    </test> <!-- ChromeTest -->
  </suite> <!-- Suite -->
</testng-results>
